<?xml version="1.0" encoding="UTF-8"?>
<!-- Generated by org.testng.reporters.JUnitReportReporter -->
<testsuite hostname="SBHAT00895" name="com.grp.sample.acceptanceTest.MicroService1.TestScenario1" tests="1" failures="0" timestamp="25 Apr 2017 09:35:42 GMT" time="0.000" errors="0">
  <testcase name="launchGoogle1" time="0.000" classname="com.grp.sample.acceptanceTest.MicroService1.TestScenario1"/>
</testsuite> <!-- com.grp.sample.acceptanceTest.MicroService1.TestScenario1 -->
