<?xml version="1.0" encoding="UTF-8"?>
<!-- Generated by org.testng.reporters.JUnitReportReporter -->
<testsuite hostname="SBHAT00895" name="com.grp.sample.acceptanceTest.MicroService2.TestScenario3" tests="1" failures="0" timestamp="26 Apr 2017 05:15:45 GMT" time="7.040" errors="0">
  <testcase name="RESTGet" time="7.040" classname="com.grp.sample.acceptanceTest.MicroService2.TestScenario3"/>
</testsuite> <!-- com.grp.sample.acceptanceTest.MicroService2.TestScenario3 -->
