<?xml version="1.0" encoding="UTF-8"?>
<!-- Generated by org.testng.reporters.JUnitReportReporter -->
<testsuite hostname="SBHAT00895" name="com.grp.sample.acceptanceTest.MicroService2.TestScenario2" tests="1" failures="0" timestamp="25 Apr 2017 19:08:00 GMT" time="2.172" errors="0">
  <testcase name="RESTTestPass" time="2.172" classname="com.grp.sample.acceptanceTest.MicroService2.TestScenario2"/>
</testsuite> <!-- com.grp.sample.acceptanceTest.MicroService2.TestScenario2 -->
