<?xml version="1.0" encoding="UTF-8"?>
<!-- Generated by org.testng.reporters.JUnitReportReporter -->
<testsuite hostname="SBHAT00895" name="com.grp.sample.acceptanceTest.FileParserFT.FileParser_TS1" tests="1" failures="0" timestamp="28 Apr 2017 06:30:00 GMT" time="2.025" errors="0">
  <testcase name="RESTGet" time="2.025" classname="com.grp.sample.acceptanceTest.FileParserFT.FileParser_TS1"/>
</testsuite> <!-- com.grp.sample.acceptanceTest.FileParserFT.FileParser_TS1 -->
