<?xml version="1.0" encoding="UTF-8"?>
<!-- Generated by org.testng.reporters.JUnitReportReporter -->
<testsuite hostname="SBHAT00895" name="test.java.com.grp.sample.acceptanceTest.MicroService1.TestScenario1" tests="1" failures="0" timestamp="25 Apr 2017 07:31:11 GMT" time="0.714" errors="0">
  <testcase name="launchGoogle1" time="0.714" classname="test.java.com.grp.sample.acceptanceTest.MicroService1.TestScenario1"/>
</testsuite> <!-- test.java.com.grp.sample.acceptanceTest.MicroService1.TestScenario1 -->
