<?xml version="1.0" encoding="UTF-8"?>
<!-- Generated by org.testng.reporters.JUnitReportReporter -->
<testsuite hostname="SBHAT00895" name="test.java.com.grp.sample.acceptanceTest.MicroService2.TestScenario2" tests="1" failures="0" timestamp="25 Apr 2017 07:31:11 GMT" time="1.252" errors="0">
  <testcase name="RESTTest" time="1.252" classname="test.java.com.grp.sample.acceptanceTest.MicroService2.TestScenario2"/>
</testsuite> <!-- test.java.com.grp.sample.acceptanceTest.MicroService2.TestScenario2 -->
